<?xml version="1.0" encoding="UTF-8"?>
<!-- Generated by org.testng.reporters.JUnitReportReporter -->
<testsuite name="SeleniumPractice.ScrollDown" tests="1" time="47.062" ignored="0" failures="0" timestamp="29 Dec 2017 04:25:06 GMT" skipped="0" hostname="home-PC" errors="0">
  <testcase name="countLinks" time="47.062" classname="SeleniumPractice.ScrollDown"/>
</testsuite> <!-- SeleniumPractice.ScrollDown -->
