<?xml version="1.0" encoding="UTF-8"?>
<!-- Generated by org.testng.reporters.JUnitReportReporter -->
<testsuite name="SeleniumPractice.deleteAllMails" tests="1" time="70.588" ignored="0" failures="0" timestamp="29 Dec 2017 02:32:46 GMT" skipped="0" hostname="home-PC" errors="0">
  <testcase name="deleteAllMails" time="70.588" classname="SeleniumPractice.deleteAllMails"/>
</testsuite> <!-- SeleniumPractice.deleteAllMails -->
