<?xml version="1.0" encoding="UTF-8"?>
<!-- Generated by org.testng.reporters.JUnitReportReporter -->
<testsuite name="Scenarios.MenuSelect" tests="1" time="1.275" ignored="0" failures="0" timestamp="09 Jan 2018 14:09:55 GMT" skipped="0" hostname="home-PC" errors="0">
  <testcase name="selectMenu" time="1.275" classname="Scenarios.MenuSelect"/>
</testsuite> <!-- Scenarios.MenuSelect -->
