<?xml version="1.0" encoding="UTF-8"?>
<!-- Generated by org.testng.reporters.JUnitReportReporter -->
<testsuite skipped="0" hostname="home-PC" name="sampleTest.SampleTest" tests="1" failures="0" timestamp="30 May 2019 13:42:03 GMT" time="0.029" errors="0">
  <testcase name="test" time="0.029" classname="sampleTest.SampleTest"/>
</testsuite> <!-- sampleTest.SampleTest -->
